<?xml version="1.0" encoding="UTF-8"?>
<testng-results skipped="0" failed="0" ignored="0" total="1" passed="1">
  <reporter-output>
  </reporter-output>
  <suite name="Default suite" duration-ms="10474" started-at="2020-03-25T14:26:20 CDT" finished-at="2020-03-25T14:26:31 CDT">
    <groups>
    </groups>
    <test name="Default test" duration-ms="10474" started-at="2020-03-25T14:26:20 CDT" finished-at="2020-03-25T14:26:31 CDT">
      <class name="test.LoginTest">
        <test-method status="PASS" signature="ValidUserShoulBeAbleToLogIn()[pri:0, instance:test.LoginTest@18078bef]" name="ValidUserShoulBeAbleToLogIn" duration-ms="10437" started-at="2020-03-25T14:26:20 CDT" finished-at="2020-03-25T14:26:31 CDT">
          <reporter-output>
          </reporter-output>
        </test-method> <!-- ValidUserShoulBeAbleToLogIn -->
      </class> <!-- test.LoginTest -->
    </test> <!-- Default test -->
  </suite> <!-- Default suite -->
</testng-results>
